  WindowsInput.cpp
C:\dev\Rosewood\Rosewood\src\Rosewood\Layer.h(21,26): warning C4251: 'Rosewood::Layer::m_DebugName': class 'std::basic_string<char,std::char_traits<char>,std::allocator<char>>' needs to have dll-interface to be used by clients of class 'Rosewood::Layer'
C:\Program Files (x86)\Microsoft Visual Studio\2019\Community\VC\Tools\MSVC\14.25.28610\include\xstring(4471): message : see declaration of 'std::basic_string<char,std::char_traits<char>,std::allocator<char>>'
C:\dev\Rosewood\Rosewood\src\Rosewood\LayerStack.h(25,31): warning C4251: 'Rosewood::LayerStack::m_Layers': class 'std::vector<Rosewood::Layer *,std::allocator<Rosewood::Layer *>>' needs to have dll-interface to be used by clients of class 'Rosewood::LayerStack'
C:\dev\Rosewood\Rosewood\src\Rosewood\LayerStack.h(22): message : see declaration of 'std::vector<Rosewood::Layer *,std::allocator<Rosewood::Layer *>>'
C:\dev\Rosewood\Rosewood\src\Rosewood\LayerStack.h(26,46): warning C4251: 'Rosewood::LayerStack::m_LayerInsert': class 'std::_Vector_iterator<std::_Vector_val<std::_Simple_types<_Ty>>>' needs to have dll-interface to be used by clients of class 'Rosewood::LayerStack'
          with
          [
              _Ty=Rosewood::Layer *
          ]
C:\Program Files (x86)\Microsoft Visual Studio\2019\Community\VC\Tools\MSVC\14.25.28610\include\vector(439): message : see declaration of 'std::_Vector_iterator<std::_Vector_val<std::_Simple_types<_Ty>>>'
          with
          [
              _Ty=Rosewood::Layer *
          ]
C:\dev\Rosewood\Rosewood\src\Rosewood\Application.h(33,35): warning C4251: 'Rosewood::Application::m_Window': class 'std::unique_ptr<Rosewood::Window,std::default_delete<Rosewood::Window>>' needs to have dll-interface to be used by clients of class 'Rosewood::Application'
C:\dev\Rosewood\Rosewood\src\Rosewood\Application.h(33): message : see declaration of 'std::unique_ptr<Rosewood::Window,std::default_delete<Rosewood::Window>>'
  ImGuiLayer.cpp
C:\dev\Rosewood\Rosewood\src\Rosewood\Layer.h(21,26): warning C4251: 'Rosewood::Layer::m_DebugName': class 'std::basic_string<char,std::char_traits<char>,std::allocator<char>>' needs to have dll-interface to be used by clients of class 'Rosewood::Layer'
C:\Program Files (x86)\Microsoft Visual Studio\2019\Community\VC\Tools\MSVC\14.25.28610\include\xstring(4471): message : see declaration of 'std::basic_string<char,std::char_traits<char>,std::allocator<char>>'
C:\dev\Rosewood\Rosewood\src\Rosewood\LayerStack.h(25,31): warning C4251: 'Rosewood::LayerStack::m_Layers': class 'std::vector<Rosewood::Layer *,std::allocator<Rosewood::Layer *>>' needs to have dll-interface to be used by clients of class 'Rosewood::LayerStack'
C:\dev\Rosewood\Rosewood\src\Rosewood\LayerStack.h(22): message : see declaration of 'std::vector<Rosewood::Layer *,std::allocator<Rosewood::Layer *>>'
C:\dev\Rosewood\Rosewood\src\Rosewood\LayerStack.h(26,46): warning C4251: 'Rosewood::LayerStack::m_LayerInsert': class 'std::_Vector_iterator<std::_Vector_val<std::_Simple_types<_Ty>>>' needs to have dll-interface to be used by clients of class 'Rosewood::LayerStack'
          with
          [
              _Ty=Rosewood::Layer *
          ]
C:\Program Files (x86)\Microsoft Visual Studio\2019\Community\VC\Tools\MSVC\14.25.28610\include\vector(439): message : see declaration of 'std::_Vector_iterator<std::_Vector_val<std::_Simple_types<_Ty>>>'
          with
          [
              _Ty=Rosewood::Layer *
          ]
C:\dev\Rosewood\Rosewood\src\Rosewood\Application.h(33,35): warning C4251: 'Rosewood::Application::m_Window': class 'std::unique_ptr<Rosewood::Window,std::default_delete<Rosewood::Window>>' needs to have dll-interface to be used by clients of class 'Rosewood::Application'
C:\dev\Rosewood\Rosewood\src\Rosewood\Application.h(33): message : see declaration of 'std::unique_ptr<Rosewood::Window,std::default_delete<Rosewood::Window>>'
C:\dev\Rosewood\Rosewood\src\Rosewood\ImGui\ImGuiLayer.cpp(81,80): warning C4244: 'argument': conversion from 'unsigned int' to 'float', possible loss of data
C:\dev\Rosewood\Rosewood\src\Rosewood\ImGui\ImGuiLayer.cpp(81,51): warning C4244: 'argument': conversion from 'unsigned int' to 'float', possible loss of data
C:\dev\Rosewood\Rosewood\src\Rosewood\ImGui\ImGuiLayer.cpp(178,52): warning C4244: 'argument': conversion from 'unsigned int' to 'float', possible loss of data
C:\dev\Rosewood\Rosewood\src\Rosewood\ImGui\ImGuiLayer.cpp(178,37): warning C4244: 'argument': conversion from 'unsigned int' to 'float', possible loss of data
  Generating Code...
     Creating library ..\bin\Debug-windows-x86_64\Rosewood\Rosewood.lib and object ..\bin\Debug-windows-x86_64\Rosewood\Rosewood.exp
LINK : warning LNK4098: defaultlib 'LIBCMTD' conflicts with use of other libs; use /NODEFAULTLIB:library
  Rosewood.vcxproj -> C:\dev\Rosewood\Rosewood\..\bin\Debug-windows-x86_64\Rosewood\Rosewood.dll
